<?xml version="1.0" encoding="UTF-8"?>
<!-- Generated by org.testng.reporters.JUnitReportReporter -->
<testsuite hostname="Admin" failures="0" tests="1" name="Test.loginbutton" time="20.418" errors="0" timestamp="30 Jan 2023 06:06:46 GMT" skipped="0">
  <testcase classname="Test.loginbutton" name="LoginButton" time="20.418"/>
</testsuite> <!-- Test.loginbutton -->
